<?xml version="1.0" encoding="UTF-8"?>
<testng-results ignored="0" total="2" passed="2" failed="0" skipped="0">
  <reporter-output>
  </reporter-output>
  <suite started-at="2022-12-24T13:23:59 IST" name="Suite" finished-at="2022-12-24T13:25:40 IST" duration-ms="101075">
    <groups>
    </groups>
    <test started-at="2022-12-24T13:23:59 IST" name="Test" finished-at="2022-12-24T13:25:40 IST" duration-ms="101075">
      <class name="com.Restaurant.Testcases.VerifyAddExpenceTest">
        <test-method is-config="true" signature="beforeSuite()[pri:0, instance:com.Restaurant.Testcases.VerifyAddExpenceTest@3e27aa33]" started-at="2022-12-24T13:23:58 IST" name="beforeSuite" finished-at="2022-12-24T13:23:59 IST" duration-ms="467" status="PASS">
          <reporter-output>
          </reporter-output>
        </test-method> <!-- beforeSuite -->
        <test-method is-config="true" signature="loadConfig()[pri:0, instance:com.Restaurant.Testcases.VerifyAddExpenceTest@3e27aa33]" started-at="2022-12-24T13:23:59 IST" name="loadConfig" finished-at="2022-12-24T13:23:59 IST" duration-ms="1" status="PASS">
          <reporter-output>
          </reporter-output>
        </test-method> <!-- loadConfig -->
        <test-method is-config="true" signature="firstcall(java.lang.String)[pri:0, instance:com.Restaurant.Testcases.VerifyAddExpenceTest@3e27aa33]" started-at="2022-12-24T13:23:59 IST" name="firstcall" finished-at="2022-12-24T13:24:11 IST" duration-ms="12617" status="PASS">
          <params>
            <param index="0">
              <value>
                <![CDATA[Chrome]]>
              </value>
            </param>
          </params>
          <reporter-output>
          </reporter-output>
        </test-method> <!-- firstcall -->
        <test-method signature="AddExpence()[pri:1, instance:com.Restaurant.Testcases.VerifyAddExpenceTest@3e27aa33]" started-at="2022-12-24T13:24:11 IST" name="AddExpence" finished-at="2022-12-24T13:25:03 IST" duration-ms="51297" status="PASS">
          <reporter-output>
          </reporter-output>
        </test-method> <!-- AddExpence -->
        <test-method is-config="true" signature="AfterMethod()[pri:0, instance:com.Restaurant.Testcases.VerifyAddExpenceTest@3e27aa33]" started-at="2022-12-24T13:25:03 IST" name="AfterMethod" finished-at="2022-12-24T13:25:03 IST" duration-ms="519" status="PASS">
          <reporter-output>
          </reporter-output>
        </test-method> <!-- AfterMethod -->
        <test-method is-config="true" signature="firstcall(java.lang.String)[pri:0, instance:com.Restaurant.Testcases.VerifyAddExpenceTest@3e27aa33]" started-at="2022-12-24T13:25:03 IST" name="firstcall" finished-at="2022-12-24T13:25:19 IST" duration-ms="15614" status="PASS">
          <params>
            <param index="0">
              <value>
                <![CDATA[Chrome]]>
              </value>
            </param>
          </params>
          <reporter-output>
          </reporter-output>
        </test-method> <!-- firstcall -->
        <test-method signature="DeleteExpence()[pri:2, instance:com.Restaurant.Testcases.VerifyAddExpenceTest@3e27aa33]" started-at="2022-12-24T13:25:19 IST" name="DeleteExpence" finished-at="2022-12-24T13:25:39 IST" duration-ms="19892" status="PASS">
          <reporter-output>
          </reporter-output>
        </test-method> <!-- DeleteExpence -->
        <test-method is-config="true" signature="AfterMethod()[pri:0, instance:com.Restaurant.Testcases.VerifyAddExpenceTest@3e27aa33]" started-at="2022-12-24T13:25:39 IST" name="AfterMethod" finished-at="2022-12-24T13:25:40 IST" duration-ms="1001" status="PASS">
          <reporter-output>
          </reporter-output>
        </test-method> <!-- AfterMethod -->
        <test-method is-config="true" signature="Closing()[pri:0, instance:com.Restaurant.Testcases.VerifyAddExpenceTest@3e27aa33]" started-at="2022-12-24T13:25:40 IST" name="Closing" finished-at="2022-12-24T13:25:41 IST" duration-ms="1339" status="PASS">
          <reporter-output>
          </reporter-output>
        </test-method> <!-- Closing -->
      </class> <!-- com.Restaurant.Testcases.VerifyAddExpenceTest -->
    </test> <!-- Test -->
  </suite> <!-- Suite -->
</testng-results>
